In file included from [01m[K/home/auto/rmvision_ws/src/base_detector/src/base_node.cpp:23[m[K:
[01m[K/home/auto/rmvision_ws/src/base_detector/include/base_detector/base_node.hpp:21:10:[m[K [01;31m[Kfatal error: [m[Ksolve_navi.hpp: æ²¡æœ‰é‚£ä¸ªæ–‡ä»¶æˆ–ç›®å½•
   21 | #include [01;31m[K"solve_navi.hpp"[m[K
      |          [01;31m[K^~~~~~~~~~~~~~~~[m[K
compilation terminated.
gmake[2]: *** [CMakeFiles/base_detector.dir/build.make:90ï¼šCMakeFiles/base_detector.dir/src/base_node.cpp.o] é”™è¯¯ 1
gmake[1]: *** [CMakeFiles/Makefile2:159ï¼šCMakeFiles/base_detector.dir/all] é”™è¯¯ 2
gmake: *** [Makefile:146ï¼šall] é”™è¯¯ 2
